d:\cpp\sorts\sorts\debug\sortstring.obj
d:\cpp\sorts\sorts\debug\score.obj
d:\cpp\sorts\sorts\debug\main.obj
d:\cpp\sorts\sorts\debug\myrand.obj
d:\cpp\sorts\sorts\debug\vc142.pdb
d:\cpp\sorts\debug\sorts.ilk
d:\cpp\sorts\debug\sorts.exe
d:\cpp\sorts\debug\sorts.pdb
d:\本科教学\0830a033计算机程序设计实训\2021夏季学期\2020-2021《计算机编程实训》\sorts-vs\sorts\debug\main.obj
d:\本科教学\0830a033计算机程序设计实训\2021夏季学期\2020-2021《计算机编程实训》\sorts-vs\sorts\debug\myrand.obj
d:\本科教学\0830a033计算机程序设计实训\2021夏季学期\2020-2021《计算机编程实训》\sorts-vs\sorts\debug\score.obj
d:\本科教学\0830a033计算机程序设计实训\2021夏季学期\2020-2021《计算机编程实训》\sorts-vs\sorts\debug\sortstring.obj
d:\本科教学\0830a033计算机程序设计实训\2021夏季学期\2020-2021《计算机编程实训》\sorts-vs\sorts\debug\vc142.idb
d:\本科教学\0830a033计算机程序设计实训\2021夏季学期\2020-2021《计算机编程实训》\sorts-vs\sorts\debug\vc142.pdb
d:\本科教学\0830a033计算机程序设计实训\2021夏季学期\2020-2021《计算机编程实训》\sorts-vs\debug\sorts.pdb
d:\本科教学\0830a033计算机程序设计实训\2021夏季学期\2020-2021《计算机编程实训》\sorts-vs\debug\sorts.exe
d:\本科教学\0830a033计算机程序设计实训\2021夏季学期\2020-2021《计算机编程实训》\sorts-vs\debug\sorts.ilk
d:\本科教学\0830a033计算机程序设计实训\2021夏季学期\2020-2021《计算机编程实训》\sorts-vs\sorts\debug\sorts.tlog\cl.10624.write.1.tlog
d:\本科教学\0830a033计算机程序设计实训\2021夏季学期\2020-2021《计算机编程实训》\sorts-vs\sorts\debug\sorts.tlog\cl.command.1.tlog
d:\本科教学\0830a033计算机程序设计实训\2021夏季学期\2020-2021《计算机编程实训》\sorts-vs\sorts\debug\sorts.tlog\cl.read.1.tlog
d:\本科教学\0830a033计算机程序设计实训\2021夏季学期\2020-2021《计算机编程实训》\sorts-vs\sorts\debug\sorts.tlog\link.command.1.tlog
d:\本科教学\0830a033计算机程序设计实训\2021夏季学期\2020-2021《计算机编程实训》\sorts-vs\sorts\debug\sorts.tlog\link.read.1.tlog
d:\本科教学\0830a033计算机程序设计实训\2021夏季学期\2020-2021《计算机编程实训》\sorts-vs\sorts\debug\sorts.tlog\link.write.1.tlog
