d:\cpp\sorts\sorts\release\vc142.pdb
d:\cpp\sorts\sorts\release\sortstring.obj
d:\cpp\sorts\sorts\release\score.obj
d:\cpp\sorts\sorts\release\myrand.obj
d:\cpp\sorts\sorts\release\main.obj
d:\cpp\sorts\release\sorts.exe
d:\cpp\sorts\release\sorts.pdb
d:\cpp\sorts\release\sorts.ipdb
d:\cpp\sorts\release\sorts.iobj
d:\本科教学\0830a033计算机程序设计实训\2021夏季学期\2020-2021《计算机编程实训》\sorts-vs\sorts\release\main.obj
d:\本科教学\0830a033计算机程序设计实训\2021夏季学期\2020-2021《计算机编程实训》\sorts-vs\sorts\release\myrand.obj
d:\本科教学\0830a033计算机程序设计实训\2021夏季学期\2020-2021《计算机编程实训》\sorts-vs\sorts\release\score.obj
d:\本科教学\0830a033计算机程序设计实训\2021夏季学期\2020-2021《计算机编程实训》\sorts-vs\sorts\release\sortstring.obj
d:\本科教学\0830a033计算机程序设计实训\2021夏季学期\2020-2021《计算机编程实训》\sorts-vs\sorts\release\vc142.pdb
d:\本科教学\0830a033计算机程序设计实训\2021夏季学期\2020-2021《计算机编程实训》\sorts-vs\release\sorts.pdb
d:\本科教学\0830a033计算机程序设计实训\2021夏季学期\2020-2021《计算机编程实训》\sorts-vs\release\sorts.exe
d:\本科教学\0830a033计算机程序设计实训\2021夏季学期\2020-2021《计算机编程实训》\sorts-vs\sorts\release\sorts.tlog\cl.command.1.tlog
d:\本科教学\0830a033计算机程序设计实训\2021夏季学期\2020-2021《计算机编程实训》\sorts-vs\sorts\release\sorts.tlog\cl.read.1.tlog
d:\本科教学\0830a033计算机程序设计实训\2021夏季学期\2020-2021《计算机编程实训》\sorts-vs\sorts\release\sorts.tlog\cl.write.1.tlog
d:\本科教学\0830a033计算机程序设计实训\2021夏季学期\2020-2021《计算机编程实训》\sorts-vs\sorts\release\sorts.tlog\link.command.1.tlog
d:\本科教学\0830a033计算机程序设计实训\2021夏季学期\2020-2021《计算机编程实训》\sorts-vs\sorts\release\sorts.tlog\link.read.1.tlog
d:\本科教学\0830a033计算机程序设计实训\2021夏季学期\2020-2021《计算机编程实训》\sorts-vs\sorts\release\sorts.tlog\link.write.1.tlog
d:\本科教学\0830a033计算机程序设计实训\2021夏季学期\2020-2021《计算机编程实训》\sorts-vs\sorts\release\sorts.tlog\sorts.write.1u.tlog
